728396 728427 212
817510 817608 207
813307 813391 375
270279 270325 208
266893 266952 239
1016 1083 169
809644 809662 207
627207 627289 204
798060 798130 300
928186 928278 383
603693 603748 297
163624 163672 184
460994 461066 276
704278 704282 287
669460 669551 261
448826 448853 263
378039 378118 224
642213 642259 279
278911 278996 314
567100 567183 222
949076 949176 246
107320 107325 155
499231 499259 227
885351 885396 357
265540 265627 239
224387 224399 231
141403 141413 145
770951 771030 344
628895 628901 235
395555 395650 268
907575 907643 295
927036 927068 184
323102 323130 247
427405 427434 250
683597 683679 230
816303 816333 207
634703 634737 248
70335 70358 312
331432 331490 247
885980 886035 326
909769 909784 158
499537 499591 276
165269 165357 321
166337 166339 215
26730 26809 246
332210 332230 229
248511 248585 213
989987 990019 215
69070 69131 250
612678 612747 310
926879 926956 233
883032 883050 220
235060 235158 275
458615 458706 263
322883 322983 185
499102 499202 245
458964 459033 201
656272 656326 199
704932 704941 181
166945 166973 153
320373 320473 291
264770 264813 301
45100 45181 314
879438 879521 295
944165 944254 264
865551 865620 207
845479 845535 269
34484 34574 249
585998 586037 315
97179 97209 191
611740 611754 204
635854 635877 248
217930 217989 218
236119 236128 213
988079 988126 184
230068 230092 187
864431 864511 251
385540 385596 255
886971 887025 233
331232 331267 229
221000 221055 293
919533 919552 202
396425 396516 268
206432 206439 205
439334 439412 294
800835 800888 238
829423 829472 282
826411 826503 225
947234 947306 202
667263 667309 323
999509 999513 184
679619 679674 261
417696 417703 219
955210 955230 246
164562 164638 290
39475 39476 138
821085 821130 313
570516 570561 266
554788 554833 284
167517 167582 290
677389 677399 111
572385 572434 253
388761 388801 193
735669 735695 424
775448 775494 194
874858 874893 357
164242 164324 215
403220 403227 193
643251 643279 186
708779 708856 274
438255 438304 263
361468 361472 211
751010 751042 199
671205 671283 217
492683 492747 245
510374 510379 183
392442 392489 224
840539 840603 282
165474 165481 197
602605 602632 297
273899 273972 314
65927 65977 175
140438 140503 326
533306 533401 377
643298 643396 235
751555 751620 318
840356 840359 176
342875 342901 198
842690 842703 220
434177 434191 188
623391 623418 204
135208 135224 207
439273 439345 325
845377 845387 158
586184 586199 204
585351 585388 222
141981 142037 313
14912 15012 209
917016 917107 233
815594 815616 238
686651 686723 261
728507 728516 274
667019 667044 142
286109 286175 252
910061 910157 476
373433 373439 286
587160 587215 297
966954 967041 277
227608 227647 200
31050 31118 210
232465 232519 262
649986 650008 186
727118 727170 199
804158 804180 238
590912 590958 359
431848 431919 343
325933 325998 216
684001 684066 336
913804 913813 246
460158 460222 276
775299 775362 300
752981 752993 287
276026 276118 283
679464 679526 261
929156 929221 277
608845 608945 248
692891 692985 323
788932 789011 238
755418 755425 194
551148 551167 209
526160 526192 227
538511 538589 227
614249 614278 204
513694 513764 240
195829 195893 192
787468 787529 238
625413 625512 279
11255 11311 206
899913 899917 127
792889 792943 269
522228 522246 178
483543 483626 289
163052 163064 246
830167 830211 176
448383 448457 250
217039 217087 262
242476 242550 275
911971 911986 140
486518 486584 320
169584 169650 228
428968 429015 250
437813 437906 219
46694 46725 252
790011 790097 269
517402 517433 333
786620 786701 300
512132 512223 258
730449 730484 225
836247 836276 282
891747 891796 251
